INFO  2018-07-22 05:25:11,816 (Saros.java:220) Starting Saros 14.10.31 running:
  Java Version: 1.8.0_181
  Java Vendor: Oracle Corporation
  Eclipse Runtime Version: 3.13.0.v20170207-1030
  Operating System: Windows 7 (6.1)
  Hardware Architecture: amd64
INFO  2018-07-22 05:25:11,881 (SarosContext.java:153) creating Saros runtime context...
DEBUG 2018-07-22 05:25:11,938 (XMPPAccountStore.java:117) loading accounts from file: C:\Users\florent\.saros\config.dat
DEBUG 2018-07-22 05:25:12,245 (XMPPAccountStore.java:176) loaded 1 account(s)
INFO  2018-07-22 05:25:12,542 (SarosContext.java:199) successfully created Saros runtime context
DEBUG 2018-07-22 05:25:12,571 (DataTransferManager.java:467) used transport order for the current XMPP connection: [XMPP-Socks5-Transport, XMPP-IBB-Transport]
INFO  2018-07-22 05:25:12,592 (PreferenceInitializer.java:50) initializing preference default values
DEBUG 2018-07-22 05:25:12,640 (SarosAnnotation.java:117) resetting annotation colors
DEBUG 2018-07-22 05:25:12,656 (Saros.java:430) skipping conversion of old XMPP accounts, because there are already new ones
DEBUG 2018-07-22 05:25:17,454 (SharedDocumentProvider.java:77) SharedDocumentProvider created by Eclipse
DEBUG 2018-07-22 05:25:22,800 (WhiteboardManager.java:194) WhiteboardManager instantiated
DEBUG 2018-07-22 05:25:22,917 (DocumentRecord.java:93) Added Node: attr(153222992291414398) name=svg
DEBUG 2018-07-22 05:25:23,898 (XMPPConnectionService.java:439) started Socks5 proxy on port: 7777 [listening on all interfaces]
DEBUG 2018-07-22 05:25:24,506 (XMPPConnectionService.java:459) using autodetected addresses: [25.67.113.175, 192.168.0.34, 2a02:2788:416:16dc:0:0:0:1, 2a02:2788:416:16dc:440b:5690:2f9c:9308, 2a02:2788:416:16dc:3546:28a4:dc39:cdf7, fe80:0:0:0:440b:5690:2f9c:9308%wlan0, 2620:9b:0:0:0:0:1943:71af, fe80:0:0:0:d9fe:b7d0:adb:7041%eth4]
DEBUG 2018-07-22 05:25:24,633 (XMPPConnectionService.java:398)  new connection state == CONNECTING
DEBUG 2018-07-22 05:25:25,931 (XMPPConnectionService.java:398) mk16@saros-con.imp.fu-berlin.de/Saros new connection state == CONNECTED
DEBUG 2018-07-22 05:25:25,931 (DataTransferManager.java:467) used transport order for the current XMPP connection: [XMPP-Socks5-Transport, XMPP-IBB-Transport]
DEBUG 2018-07-22 05:25:25,933 (SkypeManager.java:289) Refreshing Skype username cache...
WARN  2018-07-22 05:25:34,963 (StunServiceImpl.java:420) received no response from STUN server stunserver.org/67.227.226.240:3478 at local address /25.67.113.175:0
WARN  2018-07-22 05:25:34,963 (StunServiceImpl.java:420) received no response from STUN server stunserver.org/67.227.226.240:3478 at local address /192.168.0.34:0
ERROR 2018-07-22 06:18:32,975 (XMPPConnectionService.java:101) XMPP connection error: 
java.net.SocketTimeoutException: Read timed out
	at java.net.SocketInputStream.socketRead0(Native Method)
	at java.net.SocketInputStream.socketRead(Unknown Source)
	at java.net.SocketInputStream.read(Unknown Source)
	at java.net.SocketInputStream.read(Unknown Source)
	at sun.security.ssl.InputRecord.readFully(Unknown Source)
	at sun.security.ssl.InputRecord.read(Unknown Source)
	at sun.security.ssl.SSLSocketImpl.readRecord(Unknown Source)
	at sun.security.ssl.SSLSocketImpl.readDataRecord(Unknown Source)
	at sun.security.ssl.AppInputStream.read(Unknown Source)
	at sun.nio.cs.StreamDecoder.readBytes(Unknown Source)
	at sun.nio.cs.StreamDecoder.implRead(Unknown Source)
	at sun.nio.cs.StreamDecoder.read(Unknown Source)
	at java.io.InputStreamReader.read(Unknown Source)
	at java.io.BufferedReader.fill(Unknown Source)
	at java.io.BufferedReader.read1(Unknown Source)
	at java.io.BufferedReader.read(Unknown Source)
	at org.xmlpull.mxp1.MXParser.fillBuf(MXParser.java:2992)
	at org.xmlpull.mxp1.MXParser.more(MXParser.java:3046)
	at org.xmlpull.mxp1.MXParser.nextImpl(MXParser.java:1144)
	at org.xmlpull.mxp1.MXParser.next(MXParser.java:1093)
	at org.jivesoftware.smack.PacketReader.parsePackets(PacketReader.java:312)
	at org.jivesoftware.smack.PacketReader.access$000(PacketReader.java:48)
	at org.jivesoftware.smack.PacketReader$1.run(PacketReader.java:76)
ERROR 2018-07-22 06:18:33,004 (XMPPConnectionService.java:400)  new connection state == ERROR
java.net.SocketTimeoutException: Read timed out
	at java.net.SocketInputStream.socketRead0(Native Method)
	at java.net.SocketInputStream.socketRead(Unknown Source)
	at java.net.SocketInputStream.read(Unknown Source)
	at java.net.SocketInputStream.read(Unknown Source)
	at sun.security.ssl.InputRecord.readFully(Unknown Source)
	at sun.security.ssl.InputRecord.read(Unknown Source)
	at sun.security.ssl.SSLSocketImpl.readRecord(Unknown Source)
	at sun.security.ssl.SSLSocketImpl.readDataRecord(Unknown Source)
	at sun.security.ssl.AppInputStream.read(Unknown Source)
	at sun.nio.cs.StreamDecoder.readBytes(Unknown Source)
	at sun.nio.cs.StreamDecoder.implRead(Unknown Source)
	at sun.nio.cs.StreamDecoder.read(Unknown Source)
	at java.io.InputStreamReader.read(Unknown Source)
	at java.io.BufferedReader.fill(Unknown Source)
	at java.io.BufferedReader.read1(Unknown Source)
	at java.io.BufferedReader.read(Unknown Source)
	at org.xmlpull.mxp1.MXParser.fillBuf(MXParser.java:2992)
	at org.xmlpull.mxp1.MXParser.more(MXParser.java:3046)
	at org.xmlpull.mxp1.MXParser.nextImpl(MXParser.java:1144)
	at org.xmlpull.mxp1.MXParser.next(MXParser.java:1093)
	at org.jivesoftware.smack.PacketReader.parsePackets(PacketReader.java:312)
	at org.jivesoftware.smack.PacketReader.access$000(PacketReader.java:48)
	at org.jivesoftware.smack.PacketReader$1.run(PacketReader.java:76)
DEBUG 2018-07-22 06:18:33,338 (XMPPConnectionService.java:398)  new connection state == NOT_CONNECTED
DEBUG 2018-07-22 20:25:22,162 (UPnPServiceImpl.java:295) deleting existing port mappings
