INFO  2018-06-23 21:20:27,128 (Saros.java:220) Starting Saros 14.10.31 running:
  Java Version: 1.8.0_171
  Java Vendor: Oracle Corporation
  Eclipse Runtime Version: 3.13.0.v20170207-1030
  Operating System: Windows 7 (6.1)
  Hardware Architecture: amd64
INFO  2018-06-23 21:20:27,201 (SarosContext.java:153) creating Saros runtime context...
DEBUG 2018-06-23 21:20:27,276 (XMPPAccountStore.java:117) loading accounts from file: C:\Users\florent\.saros\config.dat
DEBUG 2018-06-23 21:20:27,788 (XMPPAccountStore.java:176) loaded 1 account(s)
INFO  2018-06-23 21:20:28,022 (SarosContext.java:199) successfully created Saros runtime context
DEBUG 2018-06-23 21:20:28,072 (DataTransferManager.java:467) used transport order for the current XMPP connection: [XMPP-Socks5-Transport, XMPP-IBB-Transport]
INFO  2018-06-23 21:20:28,103 (PreferenceInitializer.java:50) initializing preference default values
DEBUG 2018-06-23 21:20:28,145 (SarosAnnotation.java:117) resetting annotation colors
DEBUG 2018-06-23 21:20:28,268 (Saros.java:430) skipping conversion of old XMPP accounts, because there are already new ones
DEBUG 2018-06-23 21:20:33,083 (SharedDocumentProvider.java:77) SharedDocumentProvider created by Eclipse
DEBUG 2018-06-23 21:20:43,615 (WhiteboardManager.java:194) WhiteboardManager instantiated
DEBUG 2018-06-23 21:20:43,865 (DocumentRecord.java:93) Added Node: attr(152978164385815854) name=svg
DEBUG 2018-06-23 21:20:45,247 (XMPPConnectionService.java:439) started Socks5 proxy on port: 7777 [listening on all interfaces]
DEBUG 2018-06-23 21:20:45,614 (XMPPConnectionService.java:459) using autodetected addresses: [192.168.0.40, 2a02:2788:416:16dc:0:0:0:1, 2a02:2788:416:16dc:440b:5690:2f9c:9308, 2a02:2788:416:16dc:d1be:8406:9036:207, fe80:0:0:0:440b:5690:2f9c:9308%wlan0]
DEBUG 2018-06-23 21:20:45,738 (XMPPConnectionService.java:398)  new connection state == CONNECTING
DEBUG 2018-06-23 21:20:47,471 (XMPPConnectionService.java:398) mk16@saros-con.imp.fu-berlin.de/Saros new connection state == CONNECTED
DEBUG 2018-06-23 21:20:47,471 (DataTransferManager.java:467) used transport order for the current XMPP connection: [XMPP-Socks5-Transport, XMPP-IBB-Transport]
DEBUG 2018-06-23 21:20:47,473 (SkypeManager.java:289) Refreshing Skype username cache...
WARN  2018-06-23 21:20:56,440 (StunServiceImpl.java:420) received no response from STUN server stunserver.org/67.227.226.240:3478 at local address /192.168.0.40:0
