[22:53:41] [main/INFO]: Setting user: Player60
[22:53:42] [Client thread/INFO]: LWJGL Version: 2.9.1
[22:53:50] [Client thread/INFO]: Reloading ResourceManager: Default, FMLFileResourcePack:Forge Mod Loader, FMLFileResourcePack:Minecraft Forge, FMLFileResourcePack:MRP
[22:53:51] [Sound Library Loader/INFO]: Sound engine started
[22:53:52] [Client thread/INFO]: Created: 16x16 textures/blocks-atlas
[22:53:52] [Client thread/INFO]: Created: 16x16 textures/items-atlas
[22:53:52] [Client thread/INFO]: Reloading ResourceManager: Default, FMLFileResourcePack:Forge Mod Loader, FMLFileResourcePack:Minecraft Forge, FMLFileResourcePack:MRP
[22:53:52] [Client thread/INFO]: Created: 512x256 textures/blocks-atlas
[22:53:53] [Client thread/INFO]: Created: 4096x4096 textures/items-atlas
[22:53:54] [Sound Library Loader/INFO]: Sound engine started
[22:54:05] [Server thread/INFO]: Starting integrated minecraft server version 1.7.10
[22:54:05] [Server thread/INFO]: Generating keypair
[22:54:05] [Server thread/INFO]: Preparing start region for level 0
[22:54:06] [Server thread/INFO]: Changing view distance to 12, from 10
[22:54:06] [Server thread/INFO]: Player60[local:E:5b85d66e] logged in with entity id 354 at (21.36999191799804, 80.0, 206.09637593579532)
[22:54:06] [Server thread/INFO]: Player60 a rejoint la partie
[22:54:08] [Server thread/INFO]: Player60 vient d'obtenir le succès [Faire l'inventaire]
[22:54:08] [Client thread/INFO]: [CHAT] Player60 vient d'obtenir le succès [Faire l'inventaire]
[22:54:18] [Server thread/INFO]: Saving and pausing game...
[22:54:19] [Server thread/INFO]: Saving chunks for level 'Nouveau monde'/Overworld
[22:54:19] [Server thread/INFO]: Saving chunks for level 'Nouveau monde'/Nether
[22:54:20] [Server thread/INFO]: Saving chunks for level 'Nouveau monde'/The End
[22:54:21] [Server thread/WARN]: Can't keep up! Did the system time change, or is the server overloaded? Running 2312ms behind, skipping 46 tick(s)
[22:54:29] [Server thread/INFO]: [Player60 : Heure fixée à 1000]
[22:54:29] [Client thread/INFO]: [CHAT] Heure fixée à 1000
[22:54:57] [Server thread/WARN]: Can't keep up! Did the system time change, or is the server overloaded? Running 2246ms behind, skipping 44 tick(s)
[22:54:57] [Server thread/INFO]: Saving and pausing game...
[22:54:57] [Server thread/INFO]: Saving chunks for level 'Nouveau monde'/Overworld
[22:54:58] [Server thread/INFO]: Saving chunks for level 'Nouveau monde'/Nether
[22:54:58] [Server thread/INFO]: Saving chunks for level 'Nouveau monde'/The End
[22:55:30] [Server thread/INFO]: Saving and pausing game...
[22:55:31] [Server thread/INFO]: Saving chunks for level 'Nouveau monde'/Overworld
[22:55:31] [Server thread/INFO]: Saving chunks for level 'Nouveau monde'/Nether
[22:55:32] [Server thread/INFO]: Saving chunks for level 'Nouveau monde'/The End
[22:55:33] [Server thread/WARN]: Can't keep up! Did the system time change, or is the server overloaded? Running 2367ms behind, skipping 47 tick(s)
[22:56:08] [Server thread/WARN]: Can't keep up! Did the system time change, or is the server overloaded? Running 2229ms behind, skipping 44 tick(s)
[22:56:12] [Server thread/INFO]: Saving and pausing game...
[22:56:12] [Server thread/INFO]: Saving chunks for level 'Nouveau monde'/Overworld
[22:56:13] [Server thread/INFO]: Saving chunks for level 'Nouveau monde'/Nether
[22:56:13] [Server thread/INFO]: Saving chunks for level 'Nouveau monde'/The End
