[22:17:01] [main/INFO]: Setting user: Player806
[22:17:02] [Client thread/INFO]: LWJGL Version: 2.9.1
[22:17:12] [Client thread/INFO]: Reloading ResourceManager: Default, FMLFileResourcePack:Forge Mod Loader, FMLFileResourcePack:Minecraft Forge, FMLFileResourcePack:MRP
[22:17:13] [Sound Library Loader/INFO]: Sound engine started
[22:17:14] [Client thread/INFO]: Created: 16x16 textures/blocks-atlas
[22:17:14] [Client thread/INFO]: Created: 16x16 textures/items-atlas
[22:17:14] [Client thread/INFO]: Reloading ResourceManager: Default, FMLFileResourcePack:Forge Mod Loader, FMLFileResourcePack:Minecraft Forge, FMLFileResourcePack:MRP
[22:17:14] [Client thread/INFO]: Created: 512x256 textures/blocks-atlas
[22:17:15] [Client thread/INFO]: Created: 4096x2048 textures/items-atlas
[22:17:15] [Sound Library Loader/INFO]: Sound engine started
[22:17:54] [Server thread/INFO]: Starting integrated minecraft server version 1.7.10
[22:17:54] [Server thread/INFO]: Generating keypair
[22:17:54] [Server thread/INFO]: Preparing start region for level 0
[22:17:55] [Server thread/INFO]: Preparing spawn area: 73%
[22:17:55] [Server thread/INFO]: Changing view distance to 12, from 10
[22:17:56] [Server thread/INFO]: Player806[local:E:3c556494] logged in with entity id 422 at (87.98894191620178, 80.98023363708432, 310.93281224857884)
[22:17:56] [Server thread/INFO]: Player806 a rejoint la partie
[22:17:58] [Server thread/INFO]: Player806 vient d'obtenir le succès [Faire l'inventaire]
[22:17:58] [Client thread/INFO]: [CHAT] Player806 vient d'obtenir le succès [Faire l'inventaire]
[22:18:11] [Server thread/INFO]: Saving and pausing game...
[22:18:11] [Server thread/INFO]: Saving chunks for level 'New World'/Overworld
[22:18:11] [Server thread/INFO]: Saving chunks for level 'New World'/Nether
[22:18:11] [Server thread/INFO]: Saving chunks for level 'New World'/The End
[22:18:20] [Server thread/INFO]: Saving and pausing game...
[22:18:20] [Server thread/INFO]: Saving chunks for level 'New World'/Overworld
[22:18:20] [Server thread/INFO]: Saving chunks for level 'New World'/Nether
[22:18:20] [Server thread/INFO]: Saving chunks for level 'New World'/The End
[22:18:21] [Server thread/INFO]: Saving and pausing game...
[22:18:21] [Server thread/INFO]: Saving chunks for level 'New World'/Overworld
[22:18:21] [Server thread/INFO]: Saving chunks for level 'New World'/Nether
[22:18:21] [Server thread/INFO]: Saving chunks for level 'New World'/The End
[22:19:12] [Server thread/WARN]: Can't keep up! Did the system time change, or is the server overloaded? Running 2664ms behind, skipping 53 tick(s)
[22:19:57] [Server thread/WARN]: Can't keep up! Did the system time change, or is the server overloaded? Running 2327ms behind, skipping 46 tick(s)
[22:20:43] [Server thread/WARN]: Can't keep up! Did the system time change, or is the server overloaded? Running 2392ms behind, skipping 47 tick(s)
[22:21:28] [Server thread/WARN]: Can't keep up! Did the system time change, or is the server overloaded? Running 2309ms behind, skipping 46 tick(s)
[22:22:13] [Server thread/WARN]: Can't keep up! Did the system time change, or is the server overloaded? Running 2302ms behind, skipping 46 tick(s)
[22:22:59] [Server thread/WARN]: Can't keep up! Did the system time change, or is the server overloaded? Running 2297ms behind, skipping 45 tick(s)
[22:23:44] [Server thread/WARN]: Can't keep up! Did the system time change, or is the server overloaded? Running 2589ms behind, skipping 51 tick(s)
[22:24:30] [Server thread/WARN]: Can't keep up! Did the system time change, or is the server overloaded? Running 2296ms behind, skipping 45 tick(s)
[22:25:15] [Server thread/WARN]: Can't keep up! Did the system time change, or is the server overloaded? Running 2321ms behind, skipping 46 tick(s)
[22:26:01] [Server thread/WARN]: Can't keep up! Did the system time change, or is the server overloaded? Running 3410ms behind, skipping 68 tick(s)
[22:27:38] [Server thread/INFO]: Saving and pausing game...
[22:27:38] [Server thread/INFO]: Saving chunks for level 'New World'/Overworld
[22:27:38] [Server thread/INFO]: Saving chunks for level 'New World'/Nether
[22:27:38] [Server thread/INFO]: Saving chunks for level 'New World'/The End
[22:29:25] [Server thread/INFO]: Saving and pausing game...
[22:29:25] [Server thread/INFO]: Saving chunks for level 'New World'/Overworld
[22:29:25] [Server thread/INFO]: Saving chunks for level 'New World'/Nether
[22:29:25] [Server thread/INFO]: Saving chunks for level 'New World'/The End
[22:29:32] [Server thread/INFO]: Stopping server
[22:29:32] [Server thread/INFO]: Saving players
[22:29:32] [Server thread/INFO]: Saving worlds
[22:29:32] [Server thread/INFO]: Saving chunks for level 'New World'/Overworld
[22:29:32] [Server thread/INFO]: Saving chunks for level 'New World'/Nether
[22:29:32] [Server thread/INFO]: Saving chunks for level 'New World'/The End
[22:50:25] [Server thread/INFO]: Starting integrated minecraft server version 1.7.10
[22:50:25] [Server thread/INFO]: Generating keypair
[22:50:25] [Server thread/INFO]: Preparing start region for level 0
[22:50:26] [Server thread/INFO]: Changing view distance to 12, from 10
[22:50:26] [Server thread/INFO]: Player806[local:E:2bb4d4cb] logged in with entity id 15228 at (121.66812255611687, 82.00495994137583, 310.44152151091055)
[22:50:26] [Server thread/INFO]: Player806 a rejoint la partie
[22:50:40] [Server thread/INFO]: [Player806 : Heure fixée à 1000]
[22:50:40] [Client thread/INFO]: [CHAT] Heure fixée à 1000
[22:50:43] [Server thread/INFO]: Saving and pausing game...
[22:50:43] [Server thread/INFO]: Saving chunks for level 'New World'/Overworld
[22:50:43] [Server thread/INFO]: Saving chunks for level 'New World'/Nether
[22:50:43] [Server thread/INFO]: Saving chunks for level 'New World'/The End
[22:51:10] [Server thread/INFO]: Saving and pausing game...
[22:51:10] [Server thread/INFO]: Saving chunks for level 'New World'/Overworld
[22:51:10] [Server thread/INFO]: Saving chunks for level 'New World'/Nether
[22:51:10] [Server thread/INFO]: Saving chunks for level 'New World'/The End
[22:51:11] [Server thread/INFO]: Stopping server
[22:51:11] [Server thread/INFO]: Saving players
[22:51:11] [Server thread/INFO]: Saving worlds
[22:51:11] [Server thread/INFO]: Saving chunks for level 'New World'/Overworld
[22:51:11] [Server thread/INFO]: Saving chunks for level 'New World'/Nether
[22:51:11] [Server thread/INFO]: Saving chunks for level 'New World'/The End
