[11:34:13] [main/INFO]: Setting user: Player959
[11:34:14] [Client thread/INFO]: LWJGL Version: 2.9.1
[11:34:21] [Client thread/INFO]: Reloading ResourceManager: Default, FMLFileResourcePack:Forge Mod Loader, FMLFileResourcePack:Minecraft Forge, FMLFileResourcePack:MRP
[11:34:22] [Sound Library Loader/INFO]: Sound engine started
[11:34:23] [Client thread/INFO]: Created: 16x16 textures/blocks-atlas
[11:34:23] [Client thread/INFO]: Created: 16x16 textures/items-atlas
[11:34:23] [Client thread/INFO]: Reloading ResourceManager: Default, FMLFileResourcePack:Forge Mod Loader, FMLFileResourcePack:Minecraft Forge, FMLFileResourcePack:MRP
[11:34:23] [Client thread/INFO]: Created: 512x256 textures/blocks-atlas
[11:34:24] [Client thread/INFO]: Created: 4096x4096 textures/items-atlas
[11:34:25] [Sound Library Loader/INFO]: Sound engine started
[11:34:28] [Server thread/INFO]: Starting integrated minecraft server version 1.7.10
[11:34:28] [Server thread/INFO]: Generating keypair
[11:34:29] [Server thread/INFO]: Preparing start region for level 0
[11:34:29] [Server thread/INFO]: Changing view distance to 12, from 10
[11:34:30] [Server thread/INFO]: Player959[local:E:5cfe0847] logged in with entity id 366 at (109.41894976137178, 67.0, 272.99781541369646)
[11:34:30] [Server thread/INFO]: Player959 a rejoint la partie
[11:34:38] [Server thread/INFO]: Player959 vient d'obtenir le succès [Faire l'inventaire]
[11:34:38] [Client thread/INFO]: [CHAT] Player959 vient d'obtenir le succès [Faire l'inventaire]
[11:34:53] [Server thread/INFO]: Saving and pausing game...
[11:34:53] [Server thread/INFO]: Saving chunks for level 'Nouveau monde'/Overworld
[11:34:53] [Server thread/INFO]: Saving chunks for level 'Nouveau monde'/Nether
[11:34:53] [Server thread/INFO]: Saving chunks for level 'Nouveau monde'/The End
[11:35:41] [Server thread/INFO]: Saving and pausing game...
[11:35:41] [Server thread/INFO]: Saving chunks for level 'Nouveau monde'/Overworld
[11:35:41] [Server thread/INFO]: Saving chunks for level 'Nouveau monde'/Nether
[11:35:41] [Server thread/INFO]: Saving chunks for level 'Nouveau monde'/The End
[11:41:43] [main/INFO]: Setting user: Player320
[11:41:44] [Client thread/INFO]: LWJGL Version: 2.9.1
[11:41:53] [Client thread/INFO]: Reloading ResourceManager: Default, FMLFileResourcePack:Forge Mod Loader, FMLFileResourcePack:Minecraft Forge, FMLFileResourcePack:MRP
[11:43:50] [main/INFO]: Setting user: Player464
[11:43:51] [Client thread/INFO]: LWJGL Version: 2.9.1
[11:44:00] [Client thread/INFO]: Reloading ResourceManager: Default, FMLFileResourcePack:Forge Mod Loader, FMLFileResourcePack:Minecraft Forge, FMLFileResourcePack:MRP
[11:46:02] [main/INFO]: Setting user: Player255
[11:46:03] [Client thread/INFO]: LWJGL Version: 2.9.1
[11:46:12] [Client thread/INFO]: Reloading ResourceManager: Default, FMLFileResourcePack:Forge Mod Loader, FMLFileResourcePack:Minecraft Forge, FMLFileResourcePack:MRP
[11:48:26] [main/INFO]: Setting user: Player612
[11:48:27] [Client thread/INFO]: LWJGL Version: 2.9.1
[11:48:36] [Client thread/INFO]: Reloading ResourceManager: Default, FMLFileResourcePack:Forge Mod Loader, FMLFileResourcePack:Minecraft Forge, FMLFileResourcePack:MRP
