INFO  2018-06-08 18:17:31,557 (Saros.java:220) Starting Saros 14.10.31 running:
  Java Version: 1.8.0_171
  Java Vendor: Oracle Corporation
  Eclipse Runtime Version: 3.13.0.v20170207-1030
  Operating System: Windows 7 (6.1)
  Hardware Architecture: amd64
INFO  2018-06-08 18:17:31,587 (SarosContext.java:153) creating Saros runtime context...
DEBUG 2018-06-08 18:17:31,637 (XMPPAccountStore.java:117) loading accounts from file: C:\Users\florent\.saros\config.dat
DEBUG 2018-06-08 18:17:31,994 (XMPPAccountStore.java:176) loaded 1 account(s)
INFO  2018-06-08 18:17:32,179 (SarosContext.java:199) successfully created Saros runtime context
DEBUG 2018-06-08 18:17:32,210 (DataTransferManager.java:467) used transport order for the current XMPP connection: [XMPP-Socks5-Transport, XMPP-IBB-Transport]
INFO  2018-06-08 18:17:32,232 (PreferenceInitializer.java:50) initializing preference default values
DEBUG 2018-06-08 18:17:32,264 (SarosAnnotation.java:117) resetting annotation colors
DEBUG 2018-06-08 18:17:32,269 (Saros.java:430) skipping conversion of old XMPP accounts, because there are already new ones
DEBUG 2018-06-08 18:17:34,804 (SharedDocumentProvider.java:77) SharedDocumentProvider created by Eclipse
DEBUG 2018-06-08 18:17:39,848 (WhiteboardManager.java:194) WhiteboardManager instantiated
DEBUG 2018-06-08 18:17:39,861 (DocumentRecord.java:93) Added Node: attr(152847465985962879) name=svg
DEBUG 2018-06-08 18:17:40,428 (XMPPConnectionService.java:439) started Socks5 proxy on port: 7777 [listening on all interfaces]
DEBUG 2018-06-08 18:17:41,390 (XMPPConnectionService.java:459) using autodetected addresses: [192.168.0.40, 2a02:2788:416:16dc:0:0:0:1, 2a02:2788:416:16dc:440b:5690:2f9c:9308, 2a02:2788:416:16dc:2d1f:d076:80e1:b990, fe80:0:0:0:440b:5690:2f9c:9308%wlan0]
DEBUG 2018-06-08 18:17:41,419 (XMPPConnectionService.java:398)  new connection state == CONNECTING
DEBUG 2018-06-08 18:17:42,848 (XMPPConnectionService.java:398) mk16@saros-con.imp.fu-berlin.de/Saros new connection state == CONNECTED
DEBUG 2018-06-08 18:17:42,848 (DataTransferManager.java:467) used transport order for the current XMPP connection: [XMPP-Socks5-Transport, XMPP-IBB-Transport]
DEBUG 2018-06-08 18:17:42,850 (SkypeManager.java:289) Refreshing Skype username cache...
WARN  2018-06-08 18:17:52,208 (StunServiceImpl.java:420) received no response from STUN server stunserver.org/67.227.226.240:3478 at local address /192.168.0.40:0
DEBUG 2018-06-08 21:18:59,575 (XMPPConnectionService.java:398) mk16@saros-con.imp.fu-berlin.de/Saros new connection state == DISCONNECTING
DEBUG 2018-06-08 21:18:59,771 (XMPPConnectionService.java:398)  new connection state == NOT_CONNECTED
DEBUG 2018-06-08 21:18:59,772 (UPnPServiceImpl.java:295) deleting existing port mappings
