INFO  2018-06-08 14:21:10,455 (Saros.java:220) Starting Saros 14.10.31 running:
  Java Version: 1.8.0_171
  Java Vendor: Oracle Corporation
  Eclipse Runtime Version: 3.13.0.v20170207-1030
  Operating System: Windows 7 (6.1)
  Hardware Architecture: amd64
INFO  2018-06-08 14:21:10,478 (SarosContext.java:153) creating Saros runtime context...
DEBUG 2018-06-08 14:21:10,510 (XMPPAccountStore.java:117) loading accounts from file: C:\Users\florent\.saros\config.dat
DEBUG 2018-06-08 14:21:10,718 (XMPPAccountStore.java:176) loaded 1 account(s)
INFO  2018-06-08 14:21:10,848 (SarosContext.java:199) successfully created Saros runtime context
DEBUG 2018-06-08 14:21:10,866 (DataTransferManager.java:467) used transport order for the current XMPP connection: [XMPP-Socks5-Transport, XMPP-IBB-Transport]
INFO  2018-06-08 14:21:10,883 (PreferenceInitializer.java:50) initializing preference default values
DEBUG 2018-06-08 14:21:10,912 (SarosAnnotation.java:117) resetting annotation colors
DEBUG 2018-06-08 14:21:10,916 (Saros.java:430) skipping conversion of old XMPP accounts, because there are already new ones
DEBUG 2018-06-08 14:21:12,970 (SharedDocumentProvider.java:77) SharedDocumentProvider created by Eclipse
DEBUG 2018-06-08 14:21:16,344 (WhiteboardManager.java:194) WhiteboardManager instantiated
DEBUG 2018-06-08 14:21:16,373 (DocumentRecord.java:93) Added Node: attr(152846047637177627) name=svg
DEBUG 2018-06-08 14:21:16,653 (XMPPConnectionService.java:439) started Socks5 proxy on port: 7777 [listening on all interfaces]
DEBUG 2018-06-08 14:21:17,348 (XMPPConnectionService.java:459) using autodetected addresses: [192.168.0.40, 2a02:2788:416:16dc:0:0:0:1, 2a02:2788:416:16dc:440b:5690:2f9c:9308, 2a02:2788:416:16dc:bdfb:dde3:6c1c:ee88, fe80:0:0:0:440b:5690:2f9c:9308%wlan0]
DEBUG 2018-06-08 14:21:17,357 (XMPPConnectionService.java:398)  new connection state == CONNECTING
DEBUG 2018-06-08 14:21:18,545 (XMPPConnectionService.java:398) mk16@saros-con.imp.fu-berlin.de/Saros new connection state == CONNECTED
DEBUG 2018-06-08 14:21:18,546 (DataTransferManager.java:467) used transport order for the current XMPP connection: [XMPP-Socks5-Transport, XMPP-IBB-Transport]
DEBUG 2018-06-08 14:21:18,547 (SkypeManager.java:289) Refreshing Skype username cache...
WARN  2018-06-08 14:21:27,638 (StunServiceImpl.java:420) received no response from STUN server stunserver.org/67.227.226.240:3478 at local address /192.168.0.40:0
DEBUG 2018-06-08 14:31:41,216 (XMPPConnectionService.java:398) mk16@saros-con.imp.fu-berlin.de/Saros new connection state == DISCONNECTING
DEBUG 2018-06-08 14:31:41,378 (XMPPConnectionService.java:398)  new connection state == NOT_CONNECTED
DEBUG 2018-06-08 14:31:41,378 (UPnPServiceImpl.java:295) deleting existing port mappings
