INFO  2018-06-08 13:34:55,538 (Saros.java:220) Starting Saros 14.10.31 running:
  Java Version: 1.8.0_171
  Java Vendor: Oracle Corporation
  Eclipse Runtime Version: 3.13.0.v20170207-1030
  Operating System: Windows 7 (6.1)
  Hardware Architecture: amd64
INFO  2018-06-08 13:34:55,564 (SarosContext.java:153) creating Saros runtime context...
DEBUG 2018-06-08 13:34:55,596 (XMPPAccountStore.java:117) loading accounts from file: C:\Users\florent\.saros\config.dat
DEBUG 2018-06-08 13:34:55,810 (XMPPAccountStore.java:176) loaded 1 account(s)
INFO  2018-06-08 13:34:55,949 (SarosContext.java:199) successfully created Saros runtime context
DEBUG 2018-06-08 13:34:55,966 (DataTransferManager.java:467) used transport order for the current XMPP connection: [XMPP-Socks5-Transport, XMPP-IBB-Transport]
INFO  2018-06-08 13:34:55,984 (PreferenceInitializer.java:50) initializing preference default values
DEBUG 2018-06-08 13:34:56,015 (SarosAnnotation.java:117) resetting annotation colors
DEBUG 2018-06-08 13:34:56,019 (Saros.java:430) skipping conversion of old XMPP accounts, because there are already new ones
DEBUG 2018-06-08 13:34:58,108 (SharedDocumentProvider.java:77) SharedDocumentProvider created by Eclipse
DEBUG 2018-06-08 13:35:01,457 (WhiteboardManager.java:194) WhiteboardManager instantiated
DEBUG 2018-06-08 13:35:01,472 (DocumentRecord.java:93) Added Node: attr(15284577014674030) name=svg
DEBUG 2018-06-08 13:35:02,158 (XMPPConnectionService.java:439) started Socks5 proxy on port: 7777 [listening on all interfaces]
DEBUG 2018-06-08 13:35:02,599 (XMPPConnectionService.java:459) using autodetected addresses: [192.168.0.40, 2a02:2788:416:16dc:0:0:0:1, 2a02:2788:416:16dc:440b:5690:2f9c:9308, 2a02:2788:416:16dc:bdfb:dde3:6c1c:ee88, fe80:0:0:0:440b:5690:2f9c:9308%wlan0]
DEBUG 2018-06-08 13:35:02,611 (XMPPConnectionService.java:398)  new connection state == CONNECTING
DEBUG 2018-06-08 13:35:03,823 (XMPPConnectionService.java:398) mk16@saros-con.imp.fu-berlin.de/Saros new connection state == CONNECTED
DEBUG 2018-06-08 13:35:03,823 (DataTransferManager.java:467) used transport order for the current XMPP connection: [XMPP-Socks5-Transport, XMPP-IBB-Transport]
DEBUG 2018-06-08 13:35:03,825 (SkypeManager.java:289) Refreshing Skype username cache...
WARN  2018-06-08 13:35:13,017 (StunServiceImpl.java:420) received no response from STUN server stunserver.org/67.227.226.240:3478 at local address /192.168.0.40:0
ERROR 2018-06-08 13:35:47,248 (XMPPConnectionService.java:101) XMPP connection error: 
stream:error (conflict) text: Replaced by new connection
	at org.jivesoftware.smack.PacketReader.parsePackets(PacketReader.java:247)
	at org.jivesoftware.smack.PacketReader.access$000(PacketReader.java:48)
	at org.jivesoftware.smack.PacketReader$1.run(PacketReader.java:76)
ERROR 2018-06-08 13:35:47,263 (XMPPConnectionService.java:400)  new connection state == ERROR
stream:error (conflict) text: Replaced by new connection
	at org.jivesoftware.smack.PacketReader.parsePackets(PacketReader.java:247)
	at org.jivesoftware.smack.PacketReader.access$000(PacketReader.java:48)
	at org.jivesoftware.smack.PacketReader$1.run(PacketReader.java:76)
DEBUG 2018-06-08 13:35:47,273 (XMPPConnectionService.java:398)  new connection state == NOT_CONNECTED
DEBUG 2018-06-08 13:41:52,855 (UPnPServiceImpl.java:295) deleting existing port mappings
