INFO  2018-08-14 22:05:34,147 (Saros.java:220) Starting Saros 14.10.31 running:
  Java Version: 1.8.0_181
  Java Vendor: Oracle Corporation
  Eclipse Runtime Version: 3.13.0.v20170207-1030
  Operating System: Windows 7 (6.1)
  Hardware Architecture: amd64
INFO  2018-08-14 22:05:34,227 (SarosContext.java:153) creating Saros runtime context...
DEBUG 2018-08-14 22:05:34,276 (XMPPAccountStore.java:117) loading accounts from file: C:\Users\florent\.saros\config.dat
DEBUG 2018-08-14 22:05:34,733 (XMPPAccountStore.java:176) loaded 1 account(s)
INFO  2018-08-14 22:05:35,006 (SarosContext.java:199) successfully created Saros runtime context
DEBUG 2018-08-14 22:05:35,050 (DataTransferManager.java:467) used transport order for the current XMPP connection: [XMPP-Socks5-Transport, XMPP-IBB-Transport]
INFO  2018-08-14 22:05:35,070 (PreferenceInitializer.java:50) initializing preference default values
DEBUG 2018-08-14 22:05:35,138 (SarosAnnotation.java:117) resetting annotation colors
DEBUG 2018-08-14 22:05:35,150 (Saros.java:430) skipping conversion of old XMPP accounts, because there are already new ones
DEBUG 2018-08-14 22:05:42,803 (WhiteboardManager.java:194) WhiteboardManager instantiated
DEBUG 2018-08-14 22:05:42,870 (DocumentRecord.java:93) Added Node: attr(153427714286521057) name=svg
DEBUG 2018-08-14 22:05:43,867 (XMPPConnectionService.java:439) started Socks5 proxy on port: 7777 [listening on all interfaces]
DEBUG 2018-08-14 22:05:44,167 (XMPPConnectionService.java:459) using autodetected addresses: [25.67.113.175, 192.168.0.33, 2a02:2788:416:16dc:0:0:0:1, 2a02:2788:416:16dc:440b:5690:2f9c:9308, 2a02:2788:416:16dc:119:43c6:3bca:2260, fe80:0:0:0:440b:5690:2f9c:9308%wlan0, 2620:9b:0:0:0:0:1943:71af, fe80:0:0:0:d9fe:b7d0:adb:7041%eth4]
DEBUG 2018-08-14 22:05:44,309 (XMPPConnectionService.java:398)  new connection state == CONNECTING
DEBUG 2018-08-14 22:05:46,427 (XMPPConnectionService.java:398) mk16@saros-con.imp.fu-berlin.de/Saros new connection state == CONNECTED
DEBUG 2018-08-14 22:05:46,427 (DataTransferManager.java:467) used transport order for the current XMPP connection: [XMPP-Socks5-Transport, XMPP-IBB-Transport]
ERROR 2018-08-14 22:05:46,428 (ThreadUtils.java:40) Internal Error:
java.lang.NullPointerException
	at de.fu_berlin.inf.dpp.serviceProviders.SarosSourceProvider.refreshUIElements(SarosSourceProvider.java:153)
	at de.fu_berlin.inf.dpp.serviceProviders.SarosSourceProvider.access$3(SarosSourceProvider.java:150)
	at de.fu_berlin.inf.dpp.serviceProviders.SarosSourceProvider$3.run(SarosSourceProvider.java:128)
	at de.fu_berlin.inf.dpp.util.ThreadUtils$1.run(ThreadUtils.java:38)
	at org.eclipse.swt.widgets.RunnableLock.run(RunnableLock.java:37)
	at org.eclipse.swt.widgets.Synchronizer.runAsyncMessages(Synchronizer.java:182)
	at org.eclipse.swt.widgets.Display.runAsyncMessages(Display.java:4213)
	at org.eclipse.swt.widgets.Display.readAndDispatch(Display.java:3820)
	at org.eclipse.jface.operation.ModalContext$ModalContextThread.block(ModalContext.java:165)
	at org.eclipse.jface.operation.ModalContext.run(ModalContext.java:369)
	at org.eclipse.jface.dialogs.ProgressMonitorDialog.run(ProgressMonitorDialog.java:483)
	at org.eclipse.ui.internal.progress.ProgressMonitorJobsDialog.run(ProgressMonitorJobsDialog.java:237)
	at org.eclipse.ui.internal.ide.application.IDEWorkbenchAdvisor.disconnectFromWorkspace(IDEWorkbenchAdvisor.java:533)
	at org.eclipse.ui.internal.ide.application.IDEWorkbenchAdvisor.access$2(IDEWorkbenchAdvisor.java:505)
	at org.eclipse.ui.internal.ide.application.IDEWorkbenchAdvisor$3.run(IDEWorkbenchAdvisor.java:346)
	at org.eclipse.ui.internal.ide.application.IDEWorkbenchAdvisor.postShutdown(IDEWorkbenchAdvisor.java:367)
	at org.eclipse.ui.internal.Workbench.shutdown(Workbench.java:3019)
	at org.eclipse.ui.internal.Workbench.busyClose(Workbench.java:1174)
	at org.eclipse.ui.internal.Workbench.lambda$4(Workbench.java:1424)
	at org.eclipse.swt.custom.BusyIndicator.showWhile(BusyIndicator.java:70)
	at org.eclipse.ui.internal.Workbench.close(Workbench.java:1424)
	at org.eclipse.ui.internal.Workbench.close(Workbench.java:1397)
	at org.eclipse.ui.internal.WorkbenchWindow.busyClose(WorkbenchWindow.java:1606)
	at org.eclipse.ui.internal.WorkbenchWindow.access$18(WorkbenchWindow.java:1552)
	at org.eclipse.ui.internal.WorkbenchWindow$11.run(WorkbenchWindow.java:1638)
	at org.eclipse.swt.custom.BusyIndicator.showWhile(BusyIndicator.java:70)
	at org.eclipse.ui.internal.WorkbenchWindow.close(WorkbenchWindow.java:1635)
	at org.eclipse.ui.internal.WorkbenchWindow.close(WorkbenchWindow.java:1649)
	at org.eclipse.ui.internal.WorkbenchWindow$6.close(WorkbenchWindow.java:530)
	at org.eclipse.e4.ui.workbench.renderers.swt.WBWRenderer$3.shellClosed(WBWRenderer.java:615)
	at org.eclipse.swt.widgets.TypedListener.handleEvent(TypedListener.java:99)
	at org.eclipse.swt.widgets.EventTable.sendEvent(EventTable.java:86)
	at org.eclipse.swt.widgets.Display.sendEvent(Display.java:4428)
	at org.eclipse.swt.widgets.Widget.sendEvent(Widget.java:1079)
	at org.eclipse.swt.widgets.Widget.sendEvent(Widget.java:1103)
	at org.eclipse.swt.widgets.Widget.sendEvent(Widget.java:1088)
	at org.eclipse.swt.widgets.Decorations.closeWidget(Decorations.java:316)
	at org.eclipse.swt.widgets.Decorations.WM_CLOSE(Decorations.java:1729)
	at org.eclipse.swt.widgets.Control.windowProc(Control.java:4845)
	at org.eclipse.swt.widgets.Canvas.windowProc(Canvas.java:359)
	at org.eclipse.swt.widgets.Decorations.windowProc(Decorations.java:1657)
	at org.eclipse.swt.widgets.Shell.windowProc(Shell.java:2199)
	at org.eclipse.swt.widgets.Display.windowProc(Display.java:5178)
	at org.eclipse.swt.internal.win32.OS.DefWindowProcW(Native Method)
	at org.eclipse.swt.internal.win32.OS.DefWindowProc(OS.java:2555)
	at org.eclipse.swt.widgets.Shell.callWindowProc(Shell.java:506)
	at org.eclipse.swt.widgets.Control.windowProc(Control.java:4941)
	at org.eclipse.swt.widgets.Canvas.windowProc(Canvas.java:359)
	at org.eclipse.swt.widgets.Decorations.windowProc(Decorations.java:1657)
	at org.eclipse.swt.widgets.Shell.windowProc(Shell.java:2199)
	at org.eclipse.swt.widgets.Display.windowProc(Display.java:5178)
	at org.eclipse.swt.internal.win32.OS.DefWindowProcW(Native Method)
	at org.eclipse.swt.internal.win32.OS.DefWindowProc(OS.java:2555)
	at org.eclipse.swt.widgets.Shell.callWindowProc(Shell.java:506)
	at org.eclipse.swt.widgets.Control.windowProc(Control.java:4941)
	at org.eclipse.swt.widgets.Canvas.windowProc(Canvas.java:359)
	at org.eclipse.swt.widgets.Decorations.windowProc(Decorations.java:1657)
	at org.eclipse.swt.widgets.Shell.windowProc(Shell.java:2199)
	at org.eclipse.swt.widgets.Display.windowProc(Display.java:5178)
	at org.eclipse.swt.internal.win32.OS.DispatchMessageW(Native Method)
	at org.eclipse.swt.internal.win32.OS.DispatchMessage(OS.java:2560)
	at org.eclipse.swt.widgets.Display.readAndDispatch(Display.java:3815)
	at org.eclipse.e4.ui.internal.workbench.swt.PartRenderingEngine$5.run(PartRenderingEngine.java:1150)
	at org.eclipse.core.databinding.observable.Realm.runWithDefault(Realm.java:336)
	at org.eclipse.e4.ui.internal.workbench.swt.PartRenderingEngine.run(PartRenderingEngine.java:1039)
	at org.eclipse.e4.ui.internal.workbench.E4Workbench.createAndRunUI(E4Workbench.java:153)
	at org.eclipse.ui.internal.Workbench.lambda$3(Workbench.java:680)
	at org.eclipse.core.databinding.observable.Realm.runWithDefault(Realm.java:336)
	at org.eclipse.ui.internal.Workbench.createAndRunWorkbench(Workbench.java:594)
	at org.eclipse.ui.PlatformUI.createAndRunWorkbench(PlatformUI.java:148)
	at org.eclipse.ui.internal.ide.application.IDEApplication.start(IDEApplication.java:151)
	at org.eclipse.equinox.internal.app.EclipseAppHandle.run(EclipseAppHandle.java:196)
	at org.eclipse.core.runtime.internal.adaptor.EclipseAppLauncher.runApplication(EclipseAppLauncher.java:134)
	at org.eclipse.core.runtime.internal.adaptor.EclipseAppLauncher.start(EclipseAppLauncher.java:104)
	at org.eclipse.core.runtime.adaptor.EclipseStarter.run(EclipseStarter.java:388)
	at org.eclipse.core.runtime.adaptor.EclipseStarter.run(EclipseStarter.java:243)
	at sun.reflect.NativeMethodAccessorImpl.invoke0(Native Method)
	at sun.reflect.NativeMethodAccessorImpl.invoke(Unknown Source)
	at sun.reflect.DelegatingMethodAccessorImpl.invoke(Unknown Source)
	at java.lang.reflect.Method.invoke(Unknown Source)
	at org.eclipse.equinox.launcher.Main.invokeFramework(Main.java:653)
	at org.eclipse.equinox.launcher.Main.basicRun(Main.java:590)
	at org.eclipse.equinox.launcher.Main.run(Main.java:1499)
ERROR 2018-08-14 22:05:46,497 (ThreadUtils.java:41) Original caller:
StackTrace:
	at de.fu_berlin.inf.dpp.util.ThreadUtils.wrapSafe(ThreadUtils.java:32)
	at de.fu_berlin.inf.dpp.ui.util.SWTUtils.runSafeSWTAsync(SWTUtils.java:139)
	at de.fu_berlin.inf.dpp.serviceProviders.SarosSourceProvider.connectionChanged(SarosSourceProvider.java:124)
	at de.fu_berlin.inf.dpp.serviceProviders.SarosSourceProvider.access$0(SarosSourceProvider.java:123)
	at de.fu_berlin.inf.dpp.serviceProviders.SarosSourceProvider$1.connectionStateChanged(SarosSourceProvider.java:70)
	at de.fu_berlin.inf.dpp.communication.connection.ConnectionHandler.setConnectionState(ConnectionHandler.java:397)
	at de.fu_berlin.inf.dpp.communication.connection.ConnectionHandler.access$1(ConnectionHandler.java:389)
	at de.fu_berlin.inf.dpp.communication.connection.ConnectionHandler$1.connectionStateChanged(ConnectionHandler.java:79)
	at de.fu_berlin.inf.dpp.net.xmpp.XMPPConnectionService.setConnectionState(XMPPConnectionService.java:405)
	at de.fu_berlin.inf.dpp.net.xmpp.XMPPConnectionService.connect(XMPPConnectionService.java:280)
	at de.fu_berlin.inf.dpp.communication.connection.ConnectionHandler.connectXMPPInternal(ConnectionHandler.java:332)
	at de.fu_berlin.inf.dpp.communication.connection.ConnectionHandler.connect(ConnectionHandler.java:190)
	at de.fu_berlin.inf.dpp.StartupSaros$1.run(StartupSaros.java:113)
	at de.fu_berlin.inf.dpp.util.ThreadUtils$1.run(ThreadUtils.java:38)
	at java.lang.Thread.run(Unknown Source)
DEBUG 2018-08-14 22:05:46,429 (SkypeManager.java:289) Refreshing Skype username cache...
DEBUG 2018-08-14 22:05:47,267 (XMPPConnectionService.java:398) mk16@saros-con.imp.fu-berlin.de/Saros new connection state == DISCONNECTING
DEBUG 2018-08-14 22:05:47,420 (XMPPConnectionService.java:398)  new connection state == NOT_CONNECTED
DEBUG 2018-08-14 22:05:47,421 (UPnPServiceImpl.java:295) deleting existing port mappings
