INFO  2019-01-19 22:33:25,249 (Saros.java:220) Starting Saros 14.10.31 running:
  Java Version: 1.8.0_181
  Java Vendor: Oracle Corporation
  Eclipse Runtime Version: 3.13.0.v20170207-1030
  Operating System: Windows 7 (6.1)
  Hardware Architecture: amd64
INFO  2019-01-19 22:33:25,328 (SarosContext.java:153) creating Saros runtime context...
DEBUG 2019-01-19 22:33:25,416 (XMPPAccountStore.java:117) loading accounts from file: C:\Users\florent\.saros\config.dat
DEBUG 2019-01-19 22:33:25,976 (XMPPAccountStore.java:176) loaded 1 account(s)
INFO  2019-01-19 22:33:26,229 (SarosContext.java:199) successfully created Saros runtime context
DEBUG 2019-01-19 22:33:26,285 (DataTransferManager.java:467) used transport order for the current XMPP connection: [XMPP-Socks5-Transport, XMPP-IBB-Transport]
INFO  2019-01-19 22:33:26,318 (PreferenceInitializer.java:50) initializing preference default values
DEBUG 2019-01-19 22:33:26,400 (SarosAnnotation.java:117) resetting annotation colors
DEBUG 2019-01-19 22:33:26,428 (Saros.java:430) skipping conversion of old XMPP accounts, because there are already new ones
DEBUG 2019-01-19 22:33:42,645 (WhiteboardManager.java:194) WhiteboardManager instantiated
DEBUG 2019-01-19 22:33:42,689 (DocumentRecord.java:93) Added Node: attr(154793362268622773) name=svg
DEBUG 2019-01-19 22:33:43,735 (XMPPConnectionService.java:439) started Socks5 proxy on port: 7777 [listening on all interfaces]
DEBUG 2019-01-19 22:33:44,077 (XMPPConnectionService.java:459) using autodetected addresses: [192.168.0.27, 2a02:2788:416:16dc:0:0:0:4, 2a02:2788:416:16dc:55a0:3d79:8:79f5, 2a02:2788:416:16dc:1425:58e6:6296:4250, fe80:0:0:0:55a0:3d79:8:79f5%wlan3]
DEBUG 2019-01-19 22:33:44,347 (XMPPConnectionService.java:398)  new connection state == CONNECTING
DEBUG 2019-01-19 22:33:46,350 (XMPPConnectionService.java:398) mk16@saros-con.imp.fu-berlin.de/Saros new connection state == CONNECTED
DEBUG 2019-01-19 22:33:46,350 (DataTransferManager.java:467) used transport order for the current XMPP connection: [XMPP-Socks5-Transport, XMPP-IBB-Transport]
DEBUG 2019-01-19 22:33:46,351 (SkypeManager.java:289) Refreshing Skype username cache...
WARN  2019-01-19 22:33:54,553 (StunServiceImpl.java:420) received no response from STUN server stunserver.org/67.227.226.240:3478 at local address /192.168.0.27:0
DEBUG 2019-01-19 22:37:54,746 (XMPPConnectionService.java:398) mk16@saros-con.imp.fu-berlin.de/Saros new connection state == DISCONNECTING
DEBUG 2019-01-19 22:37:54,923 (XMPPConnectionService.java:398)  new connection state == NOT_CONNECTED
DEBUG 2019-01-19 22:37:54,924 (UPnPServiceImpl.java:295) deleting existing port mappings
