INFO  2019-01-13 17:43:37,508 (Saros.java:220) Starting Saros 14.10.31 running:
  Java Version: 1.8.0_181
  Java Vendor: Oracle Corporation
  Eclipse Runtime Version: 3.13.0.v20170207-1030
  Operating System: Windows 7 (6.1)
  Hardware Architecture: amd64
INFO  2019-01-13 17:43:37,572 (SarosContext.java:153) creating Saros runtime context...
DEBUG 2019-01-13 17:43:37,624 (XMPPAccountStore.java:117) loading accounts from file: C:\Users\florent\.saros\config.dat
DEBUG 2019-01-13 17:43:37,933 (XMPPAccountStore.java:176) loaded 1 account(s)
INFO  2019-01-13 17:43:38,116 (SarosContext.java:199) successfully created Saros runtime context
DEBUG 2019-01-13 17:43:38,136 (DataTransferManager.java:467) used transport order for the current XMPP connection: [XMPP-Socks5-Transport, XMPP-IBB-Transport]
INFO  2019-01-13 17:43:38,157 (PreferenceInitializer.java:50) initializing preference default values
DEBUG 2019-01-13 17:43:38,324 (SarosAnnotation.java:117) resetting annotation colors
DEBUG 2019-01-13 17:43:38,380 (Saros.java:430) skipping conversion of old XMPP accounts, because there are already new ones
DEBUG 2019-01-13 17:43:43,889 (SharedDocumentProvider.java:77) SharedDocumentProvider created by Eclipse
DEBUG 2019-01-13 17:43:50,743 (WhiteboardManager.java:194) WhiteboardManager instantiated
DEBUG 2019-01-13 17:43:50,768 (DocumentRecord.java:93) Added Node: attr(154739783076571196) name=svg
DEBUG 2019-01-13 17:43:52,394 (XMPPConnectionService.java:439) started Socks5 proxy on port: 7777 [listening on all interfaces]
DEBUG 2019-01-13 17:43:52,645 (XMPPConnectionService.java:459) using autodetected addresses: [192.168.0.27, 2a02:2788:416:16dc:0:0:0:4, 2a02:2788:416:16dc:55a0:3d79:8:79f5, 2a02:2788:416:16dc:28b0:5a18:1d49:d017, fe80:0:0:0:55a0:3d79:8:79f5%wlan3]
DEBUG 2019-01-13 17:43:52,843 (XMPPConnectionService.java:398)  new connection state == CONNECTING
DEBUG 2019-01-13 17:43:54,772 (XMPPConnectionService.java:398) mk16@saros-con.imp.fu-berlin.de/Saros new connection state == CONNECTED
DEBUG 2019-01-13 17:43:54,773 (DataTransferManager.java:467) used transport order for the current XMPP connection: [XMPP-Socks5-Transport, XMPP-IBB-Transport]
DEBUG 2019-01-13 17:43:54,775 (SkypeManager.java:289) Refreshing Skype username cache...
WARN  2019-01-13 17:44:03,109 (StunServiceImpl.java:420) received no response from STUN server stunserver.org/67.227.226.240:3478 at local address /192.168.0.27:0
DEBUG 2019-01-13 18:17:52,323 (IconUtils.java:197) color: RGB {255, 255, 255}
DEBUG 2019-01-13 18:17:52,325 (IconUtils.java:208) create foreground icon with color RGB {0, 0, 0}
