INFO  2018-11-06 18:10:27,779 (Saros.java:220) Starting Saros 14.10.31 running:
  Java Version: 1.8.0_181
  Java Vendor: Oracle Corporation
  Eclipse Runtime Version: 3.13.0.v20170207-1030
  Operating System: Windows 7 (6.1)
  Hardware Architecture: amd64
INFO  2018-11-06 18:10:27,805 (SarosContext.java:153) creating Saros runtime context...
DEBUG 2018-11-06 18:10:27,837 (XMPPAccountStore.java:117) loading accounts from file: C:\Users\florent\.saros\config.dat
DEBUG 2018-11-06 18:10:28,114 (XMPPAccountStore.java:176) loaded 1 account(s)
INFO  2018-11-06 18:10:28,270 (SarosContext.java:199) successfully created Saros runtime context
DEBUG 2018-11-06 18:10:28,287 (DataTransferManager.java:467) used transport order for the current XMPP connection: [XMPP-Socks5-Transport, XMPP-IBB-Transport]
INFO  2018-11-06 18:10:28,305 (PreferenceInitializer.java:50) initializing preference default values
DEBUG 2018-11-06 18:10:28,335 (SarosAnnotation.java:117) resetting annotation colors
DEBUG 2018-11-06 18:10:28,340 (Saros.java:430) skipping conversion of old XMPP accounts, because there are already new ones
DEBUG 2018-11-06 18:10:30,522 (SharedDocumentProvider.java:77) SharedDocumentProvider created by Eclipse
DEBUG 2018-11-06 18:10:32,672 (WhiteboardManager.java:194) WhiteboardManager instantiated
DEBUG 2018-11-06 18:10:32,686 (DocumentRecord.java:93) Added Node: attr(154152423268450975) name=svg
DEBUG 2018-11-06 18:10:33,536 (XMPPConnectionService.java:439) started Socks5 proxy on port: 7777 [listening on all interfaces]
DEBUG 2018-11-06 18:10:33,829 (XMPPConnectionService.java:459) using autodetected addresses: [25.67.113.175, 192.168.0.13, 2a02:2788:416:16dc:0:0:0:2, 2a02:2788:416:16dc:440b:5690:2f9c:9308, 2a02:2788:416:16dc:54d1:1e6a:6d9b:9021, fe80:0:0:0:440b:5690:2f9c:9308%wlan0, 2620:9b:0:0:0:0:1943:71af, fe80:0:0:0:d9fe:b7d0:adb:7041%eth4]
DEBUG 2018-11-06 18:10:33,884 (XMPPConnectionService.java:398)  new connection state == CONNECTING
DEBUG 2018-11-06 18:10:35,236 (XMPPConnectionService.java:398) mk16@saros-con.imp.fu-berlin.de/Saros new connection state == CONNECTED
DEBUG 2018-11-06 18:10:35,236 (DataTransferManager.java:467) used transport order for the current XMPP connection: [XMPP-Socks5-Transport, XMPP-IBB-Transport]
DEBUG 2018-11-06 18:10:35,237 (SkypeManager.java:289) Refreshing Skype username cache...
WARN  2018-11-06 18:10:44,429 (StunServiceImpl.java:420) received no response from STUN server stunserver.org/67.227.226.240:3478 at local address /25.67.113.175:0
WARN  2018-11-06 18:10:44,430 (StunServiceImpl.java:420) received no response from STUN server stunserver.org/67.227.226.240:3478 at local address /192.168.0.13:0
ERROR 2018-11-06 18:11:00,394 (XMPPConnectionService.java:101) XMPP connection error: 
stream:error (conflict) text: Replaced by new connection
	at org.jivesoftware.smack.PacketReader.parsePackets(PacketReader.java:247)
	at org.jivesoftware.smack.PacketReader.access$000(PacketReader.java:48)
	at org.jivesoftware.smack.PacketReader$1.run(PacketReader.java:76)
ERROR 2018-11-06 18:11:00,402 (XMPPConnectionService.java:400)  new connection state == ERROR
stream:error (conflict) text: Replaced by new connection
	at org.jivesoftware.smack.PacketReader.parsePackets(PacketReader.java:247)
	at org.jivesoftware.smack.PacketReader.access$000(PacketReader.java:48)
	at org.jivesoftware.smack.PacketReader$1.run(PacketReader.java:76)
DEBUG 2018-11-06 18:11:00,439 (XMPPConnectionService.java:398)  new connection state == NOT_CONNECTED
DEBUG 2018-11-06 18:37:25,047 (UPnPServiceImpl.java:295) deleting existing port mappings
