INFO  2018-06-10 15:52:25,935 (Saros.java:220) Starting Saros 14.10.31 running:
  Java Version: 1.8.0_171
  Java Vendor: Oracle Corporation
  Eclipse Runtime Version: 3.13.0.v20170207-1030
  Operating System: Windows 7 (6.1)
  Hardware Architecture: amd64
INFO  2018-06-10 15:52:25,988 (SarosContext.java:153) creating Saros runtime context...
DEBUG 2018-06-10 15:52:26,035 (XMPPAccountStore.java:117) loading accounts from file: C:\Users\florent\.saros\config.dat
DEBUG 2018-06-10 15:52:26,515 (XMPPAccountStore.java:176) loaded 1 account(s)
INFO  2018-06-10 15:52:26,783 (SarosContext.java:199) successfully created Saros runtime context
DEBUG 2018-06-10 15:52:26,834 (DataTransferManager.java:467) used transport order for the current XMPP connection: [XMPP-Socks5-Transport, XMPP-IBB-Transport]
INFO  2018-06-10 15:52:26,864 (PreferenceInitializer.java:50) initializing preference default values
DEBUG 2018-06-10 15:52:26,931 (SarosAnnotation.java:117) resetting annotation colors
DEBUG 2018-06-10 15:52:26,977 (Saros.java:430) skipping conversion of old XMPP accounts, because there are already new ones
DEBUG 2018-06-10 15:52:32,102 (SharedDocumentProvider.java:77) SharedDocumentProvider created by Eclipse
DEBUG 2018-06-10 15:52:52,723 (WhiteboardManager.java:194) WhiteboardManager instantiated
DEBUG 2018-06-10 15:52:52,772 (DocumentRecord.java:93) Added Node: attr(152863877276948568) name=svg
DEBUG 2018-06-10 15:52:53,277 (XMPPConnectionService.java:439) started Socks5 proxy on port: 7777 [listening on all interfaces]
DEBUG 2018-06-10 15:52:54,268 (XMPPConnectionService.java:459) using autodetected addresses: [192.168.0.40, 2a02:2788:416:16dc:0:0:0:2, 2a02:2788:416:16dc:440b:5690:2f9c:9308, 2a02:2788:416:16dc:d1c5:83a4:603d:7c3c, fe80:0:0:0:440b:5690:2f9c:9308%wlan0]
DEBUG 2018-06-10 15:52:54,317 (XMPPConnectionService.java:398)  new connection state == CONNECTING
DEBUG 2018-06-10 15:52:55,566 (XMPPConnectionService.java:398) mk16@saros-con.imp.fu-berlin.de/Saros new connection state == CONNECTED
DEBUG 2018-06-10 15:52:55,567 (DataTransferManager.java:467) used transport order for the current XMPP connection: [XMPP-Socks5-Transport, XMPP-IBB-Transport]
DEBUG 2018-06-10 15:52:55,569 (SkypeManager.java:289) Refreshing Skype username cache...
WARN  2018-06-10 15:53:04,680 (StunServiceImpl.java:420) received no response from STUN server stunserver.org/67.227.226.240:3478 at local address /192.168.0.40:0
