INFO  2019-01-12 18:07:37,777 (Saros.java:220) Starting Saros 14.10.31 running:
  Java Version: 1.8.0_181
  Java Vendor: Oracle Corporation
  Eclipse Runtime Version: 3.13.0.v20170207-1030
  Operating System: Windows 7 (6.1)
  Hardware Architecture: amd64
INFO  2019-01-12 18:07:37,846 (SarosContext.java:153) creating Saros runtime context...
DEBUG 2019-01-12 18:07:37,929 (XMPPAccountStore.java:117) loading accounts from file: C:\Users\florent\.saros\config.dat
DEBUG 2019-01-12 18:07:38,341 (XMPPAccountStore.java:176) loaded 1 account(s)
INFO  2019-01-12 18:07:38,587 (SarosContext.java:199) successfully created Saros runtime context
DEBUG 2019-01-12 18:07:38,639 (DataTransferManager.java:467) used transport order for the current XMPP connection: [XMPP-Socks5-Transport, XMPP-IBB-Transport]
INFO  2019-01-12 18:07:38,681 (PreferenceInitializer.java:50) initializing preference default values
DEBUG 2019-01-12 18:07:38,743 (SarosAnnotation.java:117) resetting annotation colors
DEBUG 2019-01-12 18:07:38,772 (Saros.java:430) skipping conversion of old XMPP accounts, because there are already new ones
DEBUG 2019-01-12 18:07:43,569 (SharedDocumentProvider.java:77) SharedDocumentProvider created by Eclipse
DEBUG 2019-01-12 18:07:49,454 (WhiteboardManager.java:194) WhiteboardManager instantiated
DEBUG 2019-01-12 18:07:49,513 (DocumentRecord.java:93) Added Node: attr(154731286951035207) name=svg
DEBUG 2019-01-12 18:07:50,551 (XMPPConnectionService.java:439) started Socks5 proxy on port: 7777 [listening on all interfaces]
DEBUG 2019-01-12 18:07:50,821 (XMPPConnectionService.java:459) using autodetected addresses: [192.168.0.27, 2a02:2788:416:16dc:0:0:0:4, 2a02:2788:416:16dc:55a0:3d79:8:79f5, 2a02:2788:416:16dc:1401:a54f:3bdb:6b2c, fe80:0:0:0:55a0:3d79:8:79f5%wlan3]
DEBUG 2019-01-12 18:07:50,992 (XMPPConnectionService.java:398)  new connection state == CONNECTING
DEBUG 2019-01-12 18:07:52,693 (XMPPConnectionService.java:398) mk16@saros-con.imp.fu-berlin.de/Saros new connection state == CONNECTED
DEBUG 2019-01-12 18:07:52,695 (DataTransferManager.java:467) used transport order for the current XMPP connection: [XMPP-Socks5-Transport, XMPP-IBB-Transport]
DEBUG 2019-01-12 18:07:52,698 (SkypeManager.java:289) Refreshing Skype username cache...
WARN  2019-01-12 18:08:01,233 (StunServiceImpl.java:420) received no response from STUN server stunserver.org/67.227.226.240:3478 at local address /192.168.0.27:0
DEBUG 2019-01-12 18:10:26,876 (IconUtils.java:197) color: RGB {255, 255, 255}
DEBUG 2019-01-12 18:10:26,877 (IconUtils.java:208) create foreground icon with color RGB {0, 0, 0}
ERROR 2019-01-12 18:23:13,046 (XMPPConnectionService.java:101) XMPP connection error: 
java.net.SocketTimeoutException: Read timed out
	at java.net.SocketInputStream.socketRead0(Native Method)
	at java.net.SocketInputStream.socketRead(Unknown Source)
	at java.net.SocketInputStream.read(Unknown Source)
	at java.net.SocketInputStream.read(Unknown Source)
	at sun.security.ssl.InputRecord.readFully(Unknown Source)
	at sun.security.ssl.InputRecord.read(Unknown Source)
	at sun.security.ssl.SSLSocketImpl.readRecord(Unknown Source)
	at sun.security.ssl.SSLSocketImpl.readDataRecord(Unknown Source)
	at sun.security.ssl.AppInputStream.read(Unknown Source)
	at sun.nio.cs.StreamDecoder.readBytes(Unknown Source)
	at sun.nio.cs.StreamDecoder.implRead(Unknown Source)
	at sun.nio.cs.StreamDecoder.read(Unknown Source)
	at java.io.InputStreamReader.read(Unknown Source)
	at java.io.BufferedReader.fill(Unknown Source)
	at java.io.BufferedReader.read1(Unknown Source)
	at java.io.BufferedReader.read(Unknown Source)
	at org.xmlpull.mxp1.MXParser.fillBuf(MXParser.java:2992)
	at org.xmlpull.mxp1.MXParser.more(MXParser.java:3046)
	at org.xmlpull.mxp1.MXParser.nextImpl(MXParser.java:1144)
	at org.xmlpull.mxp1.MXParser.next(MXParser.java:1093)
	at org.jivesoftware.smack.PacketReader.parsePackets(PacketReader.java:312)
	at org.jivesoftware.smack.PacketReader.access$000(PacketReader.java:48)
	at org.jivesoftware.smack.PacketReader$1.run(PacketReader.java:76)
ERROR 2019-01-12 18:23:13,072 (XMPPConnectionService.java:400)  new connection state == ERROR
java.net.SocketTimeoutException: Read timed out
	at java.net.SocketInputStream.socketRead0(Native Method)
	at java.net.SocketInputStream.socketRead(Unknown Source)
	at java.net.SocketInputStream.read(Unknown Source)
	at java.net.SocketInputStream.read(Unknown Source)
	at sun.security.ssl.InputRecord.readFully(Unknown Source)
	at sun.security.ssl.InputRecord.read(Unknown Source)
	at sun.security.ssl.SSLSocketImpl.readRecord(Unknown Source)
	at sun.security.ssl.SSLSocketImpl.readDataRecord(Unknown Source)
	at sun.security.ssl.AppInputStream.read(Unknown Source)
	at sun.nio.cs.StreamDecoder.readBytes(Unknown Source)
	at sun.nio.cs.StreamDecoder.implRead(Unknown Source)
	at sun.nio.cs.StreamDecoder.read(Unknown Source)
	at java.io.InputStreamReader.read(Unknown Source)
	at java.io.BufferedReader.fill(Unknown Source)
	at java.io.BufferedReader.read1(Unknown Source)
	at java.io.BufferedReader.read(Unknown Source)
	at org.xmlpull.mxp1.MXParser.fillBuf(MXParser.java:2992)
	at org.xmlpull.mxp1.MXParser.more(MXParser.java:3046)
	at org.xmlpull.mxp1.MXParser.nextImpl(MXParser.java:1144)
	at org.xmlpull.mxp1.MXParser.next(MXParser.java:1093)
	at org.jivesoftware.smack.PacketReader.parsePackets(PacketReader.java:312)
	at org.jivesoftware.smack.PacketReader.access$000(PacketReader.java:48)
	at org.jivesoftware.smack.PacketReader$1.run(PacketReader.java:76)
DEBUG 2019-01-12 18:23:13,085 (XMPPConnectionService.java:398)  new connection state == NOT_CONNECTED
DEBUG 2019-01-12 18:26:12,748 (UPnPServiceImpl.java:295) deleting existing port mappings
